<?xml version="1.0" encoding="UTF-8"?>
<!-- Generated by org.testng.reporters.JUnitReportReporter -->
<testsuite hostname="DESKTOP-DJ4FDME" failures="0" tests="1" name="org.wipro.automation.amazon.basePkg.InitiateBrowser" time="5.024" errors="0" timestamp="2024-09-11T19:58:55 IST" skipped="0">
  <testcase classname="org.wipro.automation.amazon.basePkg.InitiateBrowser" name="launchBrowser" time="5.024"/>
</testsuite> <!-- org.wipro.automation.amazon.basePkg.InitiateBrowser -->
