<?xml version="1.0" encoding="UTF-8"?>
<!-- Generated by org.testng.reporters.JUnitReportReporter -->
<testsuite hostname="DESKTOP-DJ4FDME" failures="0" tests="2" name="org.xyz.automation.fb.HandleAlertsFrames" time="7.057" errors="0" timestamp="2024-09-10T19:52:39 IST" skipped="1">
  <testcase classname="org.xyz.automation.fb.HandleAlertsFrames" name="handleMouse" time="7.057"/>
  <testcase classname="org.xyz.automation.fb.HandleAlertsFrames" name="handlekeyboard">
    <skipped/>
  </testcase> <!-- handlekeyboard -->
</testsuite> <!-- org.xyz.automation.fb.HandleAlertsFrames -->
