<?xml version="1.0" encoding="UTF-8"?>
<!-- Generated by org.testng.reporters.JUnitReportReporter -->
<testsuite hostname="DESKTOP-DJ4FDME" failures="0" tests="2" name="org.wipro.automation.amazon.testcases.SignupScenario" time="8.734" errors="0" timestamp="2024-09-12T19:20:50 IST" skipped="1">
  <testcase classname="org.wipro.automation.amazon.testcases.SignupScenario" name="tc05_signupfunc" time="8.734"/>
  <testcase classname="org.wipro.automation.amazon.testcases.SignupScenario" name="tc06_signupfunc_existingemail">
    <skipped/>
  </testcase> <!-- tc06_signupfunc_existingemail -->
</testsuite> <!-- org.wipro.automation.amazon.testcases.SignupScenario -->
