<?xml version="1.0" encoding="UTF-8"?>
<!-- Generated by org.testng.reporters.JUnitReportReporter -->
<testsuite hostname="DESKTOP-DJ4FDME" failures="0" tests="2" name="org.xyz.automation.fb.FirstAutomation" time="7.269" errors="0" timestamp="2024-09-03T19:49:14 IST" skipped="1">
  <testcase classname="org.xyz.automation.fb.FirstAutomation" name="signup_functionality" time="7.269"/>
  <testcase classname="org.xyz.automation.fb.FirstAutomation" name="login_functionality">
    <skipped/>
  </testcase> <!-- login_functionality -->
</testsuite> <!-- org.xyz.automation.fb.FirstAutomation -->
