<?xml version="1.0" encoding="UTF-8"?>
<!-- Generated by org.testng.reporters.JUnitReportReporter -->
<testsuite hostname="DESKTOP-DJ4FDME" failures="0" tests="3" name="org.wipro.automation.amazon.testcases.LoginScenario_ddf" time="16.985" errors="0" timestamp="2024-09-12T19:28:06 IST" skipped="0">
  <testcase classname="org.wipro.automation.amazon.testcases.LoginScenario_ddf" name="tc01_loginfunc_validcredential" time="5.870"/>
  <testcase classname="org.wipro.automation.amazon.testcases.LoginScenario_ddf" name="tc01_loginfunc_validcredential" time="5.530"/>
  <testcase classname="org.wipro.automation.amazon.testcases.LoginScenario_ddf" name="tc01_loginfunc_validcredential" time="5.585"/>
</testsuite> <!-- org.wipro.automation.amazon.testcases.LoginScenario_ddf -->
