<?xml version="1.0" encoding="UTF-8"?>
<!-- Generated by org.testng.reporters.JUnitReportReporter -->
<testsuite hostname="DESKTOP-DJ4FDME" failures="0" tests="1" name="org.wipro.automation.amazon.testcases.LoginScenario" time="5.985" errors="0" timestamp="2024-09-11T20:25:49 IST" skipped="0">
  <testcase classname="org.wipro.automation.amazon.testcases.LoginScenario" name="tc01_loginfunc_validcredential" time="5.985"/>
</testsuite> <!-- org.wipro.automation.amazon.testcases.LoginScenario -->
