<?xml version="1.0" encoding="UTF-8"?>
<!-- Generated by org.testng.reporters.JUnitReportReporter -->
<testsuite hostname="DESKTOP-DJ4FDME" failures="0" tests="2" name="org.xyz.automation.fb.HandleKeyboardMouse" time="36.715" errors="0" timestamp="2024-09-09T20:22:35 IST" skipped="0">
  <testcase classname="org.xyz.automation.fb.HandleKeyboardMouse" name="handleAlerts" time="4.239"/>
  <testcase classname="org.xyz.automation.fb.HandleKeyboardMouse" name="handleFrames" time="32.476"/>
</testsuite> <!-- org.xyz.automation.fb.HandleKeyboardMouse -->
